<?xml version="1.0" encoding="UTF-8"?>
<TestRun id="748f75df-b726-4baa-91c4-cd6c5bd997ff" name="v-tumeh@V-TUMEH1 2010-06-29 00:57:44" runUser="REDMOND\v-tumeh" xmlns="http://microsoft.com/schemas/VisualStudio/TeamTest/2010">
  <TestSettings name="Local" id="aa7ca958-bc02-4a3e-86a2-63a3cd7daa4e">
    <Description>These are default test settings for a local test run.</Description>
    <Deployment enabled="false" runDeploymentRoot="v-tumeh_V-TUMEH1 2010-06-29 00_57_44">
      <DeploymentItem filename="C:\MS\ECM\CodePlex_MyWorkspace\dkal\DkalEngine\bin\Debug\DkalEngine.dll" />
    </Deployment>
    <Execution>
      <TestTypeSpecific />
      <AgentRule name="Execution Agents">
      </AgentRule>
    </Execution>
  </TestSettings>
  <Times creation="2010-06-29T00:57:44.1813362-07:00" queuing="2010-06-29T00:57:46.7804848-07:00" start="2010-06-29T00:57:47.0545005-07:00" finish="2010-06-29T00:58:01.2613131-07:00" />
  <ResultSummary outcome="Failed">
    <Counters total="1" executed="1" error="0" failed="1" timeout="0" aborted="0" inconclusive="0" passedButRunAborted="0" notRunnable="0" notExecuted="0" disconnected="0" warning="0" passed="0" completed="0" inProgress="0" pending="0" />
  </ResultSummary>
  <TestDefinitions>
    <UnitTest name="SerializeDeserializeTermTest" storage="c:\ms\ecm\codeplex_myworkspace\dkal\dkalengine\unittests\dkalunittests\dkalunittests\bin\debug\dkalunittests.dll" id="8617e8a9-a262-cb3d-57a1-1dcc22ca2547">
      <Execution id="ce7e19d3-801a-4e32-ba6e-2f0777deb979" />
      <TestMethod codeBase="C:/MS/ECM/CodePlex_MyWorkspace/dkal/DkalEngine/UnitTests/DkalUnitTests/DkalUnitTests/bin/Debug/DkalUnitTests.DLL" adapterTypeName="Microsoft.VisualStudio.TestTools.TestTypes.Unit.UnitTestAdapter, Microsoft.VisualStudio.QualityTools.Tips.UnitTest.Adapter, Version=10.0.0.0, Culture=neutral, PublicKeyToken=b03f5f7f11d50a3a" className="DkalUnitTest.SerializerTest, DkalUnitTests, Version=1.0.0.0, Culture=neutral, PublicKeyToken=null" name="SerializeDeserializeTermTest" />
    </UnitTest>
  </TestDefinitions>
  <TestLists>
    <TestList name="Results Not in a List" id="8c84fa94-04c1-424b-9868-57a2d4851a1d" />
    <TestList name="All Loaded Results" id="19431567-8539-422a-85d7-44ee4e166bda" />
  </TestLists>
  <TestEntries>
    <TestEntry testId="8617e8a9-a262-cb3d-57a1-1dcc22ca2547" executionId="ce7e19d3-801a-4e32-ba6e-2f0777deb979" testListId="8c84fa94-04c1-424b-9868-57a2d4851a1d" />
  </TestEntries>
  <Results>
    <UnitTestResult executionId="ce7e19d3-801a-4e32-ba6e-2f0777deb979" testId="8617e8a9-a262-cb3d-57a1-1dcc22ca2547" testName="SerializeDeserializeTermTest" computerName="V-TUMEH1" duration="00:00:09.9521041" startTime="2010-06-29T00:57:47.5555292-07:00" endTime="2010-06-29T00:58:00.7662848-07:00" testType="13cdc9d9-ddb5-4fa4-a97d-d965ccfc6d4b" outcome="Failed" testListId="8c84fa94-04c1-424b-9868-57a2d4851a1d" relativeResultsDirectory="ce7e19d3-801a-4e32-ba6e-2f0777deb979">
      <Output>
        <ErrorInfo>
          <Message>Assert.Fail failed. Exception Occurred: Exception of type 'Microsoft.Research.DkalEngine.Util+SyntaxError' was thrown.</Message>
          <StackTrace>   at DkalUnitTest.SerializerTest.SerializeDeserializeTermTest() in C:\MS\ECM\CodePlex_MyWorkspace\dkal\DkalEngine\UnitTests\DkalUnitTests\DkalUnitTests\SerializerTest.cs:line 97
</StackTrace>
        </ErrorInfo>
      </Output>
    </UnitTestResult>
  </Results>
</TestRun>