<?xml version="1.0" encoding="UTF-8"?>
<TestRun id="ff45c938-eeca-4535-9a61-937db5f8d817" name="v-tumeh@V-TUMEH1 2010-06-29 01:18:18" runUser="REDMOND\v-tumeh" xmlns="http://microsoft.com/schemas/VisualStudio/TeamTest/2010">
  <TestSettings name="Local" id="aa7ca958-bc02-4a3e-86a2-63a3cd7daa4e">
    <Description>These are default test settings for a local test run.</Description>
    <Deployment enabled="false" runDeploymentRoot="v-tumeh_V-TUMEH1 2010-06-29 01_18_18">
      <DeploymentItem filename="C:\MS\ECM\CodePlex_MyWorkspace\dkal\DkalEngine\bin\Debug\DkalEngine.dll" />
    </Deployment>
    <Execution>
      <TestTypeSpecific />
      <AgentRule name="Execution Agents">
      </AgentRule>
    </Execution>
  </TestSettings>
  <Times creation="2010-06-29T01:18:18.4279311-07:00" queuing="2010-06-29T01:18:18.6789454-07:00" start="2010-06-29T01:18:18.7389488-07:00" finish="2010-06-29T01:18:27.4894493-07:00" />
  <ResultSummary outcome="Completed">
    <Counters total="10" executed="10" passed="10" error="0" failed="0" timeout="0" aborted="0" inconclusive="0" passedButRunAborted="0" notRunnable="0" notExecuted="0" disconnected="0" warning="0" completed="0" inProgress="0" pending="0" />
  </ResultSummary>
  <TestDefinitions>
    <UnitTest name="LookupOrAddPrincipalTest" storage="c:\ms\ecm\codeplex_myworkspace\dkal\dkalengine\unittests\dkalunittests\dkalunittests\bin\debug\dkalunittests.dll" id="64bdf410-c12b-a7e2-0829-ffeec4d8ebed">
      <TestMethod codeBase="C:/MS/ECM/CodePlex_MyWorkspace/dkal/DkalEngine/UnitTests/DkalUnitTests/DkalUnitTests/bin/Debug/DkalUnitTests.DLL" adapterTypeName="Microsoft.VisualStudio.TestTools.TestTypes.Unit.UnitTestAdapter, Microsoft.VisualStudio.QualityTools.Tips.UnitTest.Adapter, Version=10.0.0.0, Culture=neutral, PublicKeyToken=b03f5f7f11d50a3a" className="DkalUnitTest.ParsingCtxTest, DkalUnitTests, Version=1.0.0.0, Culture=neutral, PublicKeyToken=null" name="LookupOrAddPrincipalTest" />
    </UnitTest>
    <UnitTest name="SerializeDeserializeTermTest" storage="c:\ms\ecm\codeplex_myworkspace\dkal\dkalengine\unittests\dkalunittests\dkalunittests\bin\debug\dkalunittests.dll" id="8617e8a9-a262-cb3d-57a1-1dcc22ca2547">
      <TestMethod codeBase="C:/MS/ECM/CodePlex_MyWorkspace/dkal/DkalEngine/UnitTests/DkalUnitTests/DkalUnitTests/bin/Debug/DkalUnitTests.DLL" adapterTypeName="Microsoft.VisualStudio.TestTools.TestTypes.Unit.UnitTestAdapter, Microsoft.VisualStudio.QualityTools.Tips.UnitTest.Adapter, Version=10.0.0.0, Culture=neutral, PublicKeyToken=b03f5f7f11d50a3a" className="DkalUnitTest.SerializerTest, DkalUnitTests, Version=1.0.0.0, Culture=neutral, PublicKeyToken=null" name="SerializeDeserializeTermTest" />
    </UnitTest>
    <UnitTest name="TestEngineCreation" storage="c:\ms\ecm\codeplex_myworkspace\dkal\dkalengine\unittests\dkalunittests\dkalunittests\bin\debug\dkalunittests.dll" id="a49ce50d-cc4d-6845-52a8-39854801f598">
      <TestMethod codeBase="C:/MS/ECM/CodePlex_MyWorkspace/dkal/DkalEngine/UnitTests/DkalUnitTests/DkalUnitTests/bin/Debug/DkalUnitTests.DLL" adapterTypeName="Microsoft.VisualStudio.TestTools.TestTypes.Unit.UnitTestAdapter, Microsoft.VisualStudio.QualityTools.Tips.UnitTest.Adapter, Version=10.0.0.0, Culture=neutral, PublicKeyToken=b03f5f7f11d50a3a" className="DkalUnitTest.EngineTest, DkalUnitTests, Version=1.0.0.0, Culture=neutral, PublicKeyToken=null" name="TestEngineCreation" />
    </UnitTest>
    <UnitTest name="ParseInfonTest" storage="c:\ms\ecm\codeplex_myworkspace\dkal\dkalengine\unittests\dkalunittests\dkalunittests\bin\debug\dkalunittests.dll" id="93a14a7f-1d46-a28b-2eb5-03953f6094aa">
      <TestMethod codeBase="C:/MS/ECM/CodePlex_MyWorkspace/dkal/DkalEngine/UnitTests/DkalUnitTests/DkalUnitTests/bin/Debug/DkalUnitTests.DLL" adapterTypeName="Microsoft.VisualStudio.TestTools.TestTypes.Unit.UnitTestAdapter, Microsoft.VisualStudio.QualityTools.Tips.UnitTest.Adapter, Version=10.0.0.0, Culture=neutral, PublicKeyToken=b03f5f7f11d50a3a" className="DkalUnitTest.ParsingCtxTest, DkalUnitTests, Version=1.0.0.0, Culture=neutral, PublicKeyToken=null" name="ParseInfonTest" />
    </UnitTest>
    <UnitTest name="TestConnectionString" storage="c:\ms\ecm\codeplex_myworkspace\dkal\dkalengine\unittests\dkalunittests\dkalunittests\bin\debug\dkalunittests.dll" id="1a881233-9787-776d-b05e-db4780753788">
      <TestMethod codeBase="C:/MS/ECM/CodePlex_MyWorkspace/dkal/DkalEngine/UnitTests/DkalUnitTests/DkalUnitTests/bin/Debug/DkalUnitTests.DLL" adapterTypeName="Microsoft.VisualStudio.TestTools.TestTypes.Unit.UnitTestAdapter, Microsoft.VisualStudio.QualityTools.Tips.UnitTest.Adapter, Version=10.0.0.0, Culture=neutral, PublicKeyToken=b03f5f7f11d50a3a" className="DkalUnitTest.EngineTest, DkalUnitTests, Version=1.0.0.0, Culture=neutral, PublicKeyToken=null" name="TestConnectionString" />
    </UnitTest>
    <UnitTest name="SendMessageTest" storage="c:\ms\ecm\codeplex_myworkspace\dkal\dkalengine\unittests\dkalunittests\dkalunittests\bin\debug\dkalunittests.dll" id="a9768f2f-1695-87b2-26aa-19e3828c53ab">
      <TestMethod codeBase="C:/MS/ECM/CodePlex_MyWorkspace/dkal/DkalEngine/UnitTests/DkalUnitTests/DkalUnitTests/bin/Debug/DkalUnitTests.DLL" adapterTypeName="Microsoft.VisualStudio.TestTools.TestTypes.Unit.UnitTestAdapter, Microsoft.VisualStudio.QualityTools.Tips.UnitTest.Adapter, Version=10.0.0.0, Culture=neutral, PublicKeyToken=b03f5f7f11d50a3a" className="DkalUnitTest.EngineTest, DkalUnitTests, Version=1.0.0.0, Culture=neutral, PublicKeyToken=null" name="SendMessageTest" />
    </UnitTest>
    <UnitTest name="KillEngineTest" storage="c:\ms\ecm\codeplex_myworkspace\dkal\dkalengine\unittests\dkalunittests\dkalunittests\bin\debug\dkalunittests.dll" id="94e8466b-2146-2d50-b1ad-876dd20c357b">
      <TestMethod codeBase="C:/MS/ECM/CodePlex_MyWorkspace/dkal/DkalEngine/UnitTests/DkalUnitTests/DkalUnitTests/bin/Debug/DkalUnitTests.DLL" adapterTypeName="Microsoft.VisualStudio.TestTools.TestTypes.Unit.UnitTestAdapter, Microsoft.VisualStudio.QualityTools.Tips.UnitTest.Adapter, Version=10.0.0.0, Culture=neutral, PublicKeyToken=b03f5f7f11d50a3a" className="DkalUnitTest.EngineTest, DkalUnitTests, Version=1.0.0.0, Culture=neutral, PublicKeyToken=null" name="KillEngineTest" />
    </UnitTest>
    <UnitTest name="SerializeDeserializeMessageTest" storage="c:\ms\ecm\codeplex_myworkspace\dkal\dkalengine\unittests\dkalunittests\dkalunittests\bin\debug\dkalunittests.dll" id="f6365f55-c0b2-032d-0d7e-1dfa91a40943">
      <TestMethod codeBase="C:/MS/ECM/CodePlex_MyWorkspace/dkal/DkalEngine/UnitTests/DkalUnitTests/DkalUnitTests/bin/Debug/DkalUnitTests.DLL" adapterTypeName="Microsoft.VisualStudio.TestTools.TestTypes.Unit.UnitTestAdapter, Microsoft.VisualStudio.QualityTools.Tips.UnitTest.Adapter, Version=10.0.0.0, Culture=neutral, PublicKeyToken=b03f5f7f11d50a3a" className="DkalUnitTest.SerializerTest, DkalUnitTests, Version=1.0.0.0, Culture=neutral, PublicKeyToken=null" name="SerializeDeserializeMessageTest" />
    </UnitTest>
    <OrderedTest name="dkalorderedtest" storage="c:\ms\ecm\codeplex_myworkspace\dkal\dkalengine\unittests\dkalunittests\dkalunittests\dkalorderedtest.orderedtest" id="4fa28735-c6ec-4066-9797-88f7e357cbb9">
      <Execution id="69ce6b89-5a6a-46d0-8980-b51a282f0a7e" />
      <TestLinks>
        <TestLink id="64bdf410-c12b-a7e2-0829-ffeec4d8ebed" name="LookupOrAddPrincipalTest" storage="bin\debug\dkalunittest.dll" type="Microsoft.VisualStudio.TestTools.TestTypes.Unit.UnitTestElement, Microsoft.VisualStudio.QualityTools.Tips.UnitTest.ObjectModel, Version=10.0.0.0, Culture=neutral, PublicKeyToken=b03f5f7f11d50a3a" />
        <TestLink id="a49ce50d-cc4d-6845-52a8-39854801f598" name="TestEngineCreation" storage="bin\debug\dkalunittests.dll" type="Microsoft.VisualStudio.TestTools.TestTypes.Unit.UnitTestElement, Microsoft.VisualStudio.QualityTools.Tips.UnitTest.ObjectModel, Version=10.0.0.0, Culture=neutral, PublicKeyToken=b03f5f7f11d50a3a" />
        <TestLink id="94e8466b-2146-2d50-b1ad-876dd20c357b" name="KillEngineTest" storage="bin\debug\dkalunittest.dll" type="Microsoft.VisualStudio.TestTools.TestTypes.Unit.UnitTestElement, Microsoft.VisualStudio.QualityTools.Tips.UnitTest.ObjectModel, Version=10.0.0.0, Culture=neutral, PublicKeyToken=b03f5f7f11d50a3a" />
        <TestLink id="1a881233-9787-776d-b05e-db4780753788" name="TestConnectionString" storage="bin\debug\dkalunittests.dll" type="Microsoft.VisualStudio.TestTools.TestTypes.Unit.UnitTestElement, Microsoft.VisualStudio.QualityTools.Tips.UnitTest.ObjectModel, Version=10.0.0.0, Culture=neutral, PublicKeyToken=b03f5f7f11d50a3a" />
        <TestLink id="a9768f2f-1695-87b2-26aa-19e3828c53ab" name="SendMessageTest" storage="bin\debug\dkalunittest.dll" type="Microsoft.VisualStudio.TestTools.TestTypes.Unit.UnitTestElement, Microsoft.VisualStudio.QualityTools.Tips.UnitTest.ObjectModel, Version=10.0.0.0, Culture=neutral, PublicKeyToken=b03f5f7f11d50a3a" />
        <TestLink id="8617e8a9-a262-cb3d-57a1-1dcc22ca2547" name="SerializeDeserializeTermTest" storage="bin\debug\dkalunittest.dll" type="Microsoft.VisualStudio.TestTools.TestTypes.Unit.UnitTestElement, Microsoft.VisualStudio.QualityTools.Tips.UnitTest.ObjectModel, Version=10.0.0.0, Culture=neutral, PublicKeyToken=b03f5f7f11d50a3a" />
        <TestLink id="93a14a7f-1d46-a28b-2eb5-03953f6094aa" name="ParseInfonTest" storage="bin\debug\dkalunittest.dll" type="Microsoft.VisualStudio.TestTools.TestTypes.Unit.UnitTestElement, Microsoft.VisualStudio.QualityTools.Tips.UnitTest.ObjectModel, Version=10.0.0.0, Culture=neutral, PublicKeyToken=b03f5f7f11d50a3a" />
        <TestLink id="08977f97-d1ca-45cb-2992-e0c78b9fb63e" name="ParseStreamTest" storage="bin\debug\dkalunittest.dll" type="Microsoft.VisualStudio.TestTools.TestTypes.Unit.UnitTestElement, Microsoft.VisualStudio.QualityTools.Tips.UnitTest.ObjectModel, Version=10.0.0.0, Culture=neutral, PublicKeyToken=b03f5f7f11d50a3a" />
        <TestLink id="f6365f55-c0b2-032d-0d7e-1dfa91a40943" name="SerializeDeserializeMessageTest" storage="bin\debug\dkalunittests.dll" type="Microsoft.VisualStudio.TestTools.TestTypes.Unit.UnitTestElement, Microsoft.VisualStudio.QualityTools.Tips.UnitTest.ObjectModel, Version=10.0.0.0, Culture=neutral, PublicKeyToken=b03f5f7f11d50a3a" />
      </TestLinks>
    </OrderedTest>
    <UnitTest name="ParseStreamTest" storage="c:\ms\ecm\codeplex_myworkspace\dkal\dkalengine\unittests\dkalunittests\dkalunittests\bin\debug\dkalunittests.dll" id="08977f97-d1ca-45cb-2992-e0c78b9fb63e">
      <TestMethod codeBase="C:/MS/ECM/CodePlex_MyWorkspace/dkal/DkalEngine/UnitTests/DkalUnitTests/DkalUnitTests/bin/Debug/DkalUnitTests.DLL" adapterTypeName="Microsoft.VisualStudio.TestTools.TestTypes.Unit.UnitTestAdapter, Microsoft.VisualStudio.QualityTools.Tips.UnitTest.Adapter, Version=10.0.0.0, Culture=neutral, PublicKeyToken=b03f5f7f11d50a3a" className="DkalUnitTest.ParsingCtxTest, DkalUnitTests, Version=1.0.0.0, Culture=neutral, PublicKeyToken=null" name="ParseStreamTest" />
    </UnitTest>
  </TestDefinitions>
  <TestLists>
    <TestList name="Results Not in a List" id="8c84fa94-04c1-424b-9868-57a2d4851a1d" />
    <TestList name="All Loaded Results" id="19431567-8539-422a-85d7-44ee4e166bda" />
  </TestLists>
  <TestEntries>
    <TestEntry testId="4fa28735-c6ec-4066-9797-88f7e357cbb9" executionId="69ce6b89-5a6a-46d0-8980-b51a282f0a7e" testListId="8c84fa94-04c1-424b-9868-57a2d4851a1d">
      <TestEntries>
        <TestEntry testId="64bdf410-c12b-a7e2-0829-ffeec4d8ebed" executionId="4f860a84-cb21-4701-b318-19c070dfa4de" parentExecutionId="69ce6b89-5a6a-46d0-8980-b51a282f0a7e" testListId="8c84fa94-04c1-424b-9868-57a2d4851a1d" />
        <TestEntry testId="a49ce50d-cc4d-6845-52a8-39854801f598" executionId="7720b5d6-4e0e-45cf-a6a8-14df3f59d2fe" parentExecutionId="69ce6b89-5a6a-46d0-8980-b51a282f0a7e" testListId="8c84fa94-04c1-424b-9868-57a2d4851a1d" />
        <TestEntry testId="94e8466b-2146-2d50-b1ad-876dd20c357b" executionId="1cb2022e-f536-442a-8483-8ad017f37479" parentExecutionId="69ce6b89-5a6a-46d0-8980-b51a282f0a7e" testListId="8c84fa94-04c1-424b-9868-57a2d4851a1d" />
        <TestEntry testId="1a881233-9787-776d-b05e-db4780753788" executionId="80115cd3-d5b1-4bef-98b3-b75a9ce69e32" parentExecutionId="69ce6b89-5a6a-46d0-8980-b51a282f0a7e" testListId="8c84fa94-04c1-424b-9868-57a2d4851a1d" />
        <TestEntry testId="a9768f2f-1695-87b2-26aa-19e3828c53ab" executionId="41313c73-3156-44ef-890c-4e2295c7079c" parentExecutionId="69ce6b89-5a6a-46d0-8980-b51a282f0a7e" testListId="8c84fa94-04c1-424b-9868-57a2d4851a1d" />
        <TestEntry testId="8617e8a9-a262-cb3d-57a1-1dcc22ca2547" executionId="61af4362-ccdb-497d-b5d5-0a1397cf2233" parentExecutionId="69ce6b89-5a6a-46d0-8980-b51a282f0a7e" testListId="8c84fa94-04c1-424b-9868-57a2d4851a1d" />
        <TestEntry testId="93a14a7f-1d46-a28b-2eb5-03953f6094aa" executionId="fdda9dd9-b607-4645-9739-b099db8c29b7" parentExecutionId="69ce6b89-5a6a-46d0-8980-b51a282f0a7e" testListId="8c84fa94-04c1-424b-9868-57a2d4851a1d" />
        <TestEntry testId="08977f97-d1ca-45cb-2992-e0c78b9fb63e" executionId="bf2b3d2c-f940-4d18-a871-2374a55254d5" parentExecutionId="69ce6b89-5a6a-46d0-8980-b51a282f0a7e" testListId="8c84fa94-04c1-424b-9868-57a2d4851a1d" />
        <TestEntry testId="f6365f55-c0b2-032d-0d7e-1dfa91a40943" executionId="1b0989bc-fa2c-4a57-88f5-4a2229dee7dd" parentExecutionId="69ce6b89-5a6a-46d0-8980-b51a282f0a7e" testListId="8c84fa94-04c1-424b-9868-57a2d4851a1d" />
      </TestEntries>
    </TestEntry>
  </TestEntries>
  <Results>
    <TestResultAggregation executionId="69ce6b89-5a6a-46d0-8980-b51a282f0a7e" testId="4fa28735-c6ec-4066-9797-88f7e357cbb9" testName="dkalorderedtest" computerName="V-TUMEH1" duration="00:00:07.0038183" startTime="2010-06-29T01:18:18.8509552-07:00" endTime="2010-06-29T01:18:25.9053587-07:00" testType="ec4800e8-40e5-4ab3-8510-b8bf29b1904d" outcome="Passed" testListId="8c84fa94-04c1-424b-9868-57a2d4851a1d" relativeResultsDirectory="69ce6b89-5a6a-46d0-8980-b51a282f0a7e">
      <Counters error="0" failed="0" timeout="0" aborted="0" inconclusive="0" passedButRunAborted="0" notRunnable="0" notExecuted="0" disconnected="0" warning="0" passed="9" completed="0" inProgress="0" pending="0" />
      <InnerResults>
        <UnitTestResult executionId="4f860a84-cb21-4701-b318-19c070dfa4de" parentExecutionId="69ce6b89-5a6a-46d0-8980-b51a282f0a7e" testId="64bdf410-c12b-a7e2-0829-ffeec4d8ebed" testName="LookupOrAddPrincipalTest" computerName="V-TUMEH1" duration="00:00:00.2813014" startTime="2010-06-29T01:18:18.8979579-07:00" endTime="2010-06-29T01:18:19.5549955-07:00" testType="13cdc9d9-ddb5-4fa4-a97d-d965ccfc6d4b" outcome="Passed" testListId="8c84fa94-04c1-424b-9868-57a2d4851a1d" relativeResultsDirectory="4f860a84-cb21-4701-b318-19c070dfa4de">
          <Output>
          </Output>
        </UnitTestResult>
        <UnitTestResult executionId="7720b5d6-4e0e-45cf-a6a8-14df3f59d2fe" parentExecutionId="69ce6b89-5a6a-46d0-8980-b51a282f0a7e" testId="a49ce50d-cc4d-6845-52a8-39854801f598" testName="TestEngineCreation" computerName="V-TUMEH1" duration="00:00:02.0222382" startTime="2010-06-29T01:18:19.5689963-07:00" endTime="2010-06-29T01:18:21.6121132-07:00" testType="13cdc9d9-ddb5-4fa4-a97d-d965ccfc6d4b" outcome="Passed" testListId="8c84fa94-04c1-424b-9868-57a2d4851a1d" relativeResultsDirectory="7720b5d6-4e0e-45cf-a6a8-14df3f59d2fe">
          <Output>
          </Output>
        </UnitTestResult>
        <UnitTestResult executionId="1cb2022e-f536-442a-8483-8ad017f37479" parentExecutionId="69ce6b89-5a6a-46d0-8980-b51a282f0a7e" testId="94e8466b-2146-2d50-b1ad-876dd20c357b" testName="KillEngineTest" computerName="V-TUMEH1" duration="00:00:02.0277154" startTime="2010-06-29T01:18:21.6131132-07:00" endTime="2010-06-29T01:18:23.6772313-07:00" testType="13cdc9d9-ddb5-4fa4-a97d-d965ccfc6d4b" outcome="Passed" testListId="8c84fa94-04c1-424b-9868-57a2d4851a1d" relativeResultsDirectory="1cb2022e-f536-442a-8483-8ad017f37479">
          <Output>
          </Output>
        </UnitTestResult>
        <UnitTestResult executionId="80115cd3-d5b1-4bef-98b3-b75a9ce69e32" parentExecutionId="69ce6b89-5a6a-46d0-8980-b51a282f0a7e" testId="1a881233-9787-776d-b05e-db4780753788" testName="TestConnectionString" computerName="V-TUMEH1" duration="00:00:00.0022580" startTime="2010-06-29T01:18:23.6852318-07:00" endTime="2010-06-29T01:18:23.7032328-07:00" testType="13cdc9d9-ddb5-4fa4-a97d-d965ccfc6d4b" outcome="Passed" testListId="8c84fa94-04c1-424b-9868-57a2d4851a1d" relativeResultsDirectory="80115cd3-d5b1-4bef-98b3-b75a9ce69e32">
          <Output>
          </Output>
        </UnitTestResult>
        <UnitTestResult executionId="41313c73-3156-44ef-890c-4e2295c7079c" parentExecutionId="69ce6b89-5a6a-46d0-8980-b51a282f0a7e" testId="a9768f2f-1695-87b2-26aa-19e3828c53ab" testName="SendMessageTest" computerName="V-TUMEH1" duration="00:00:01.0232034" startTime="2010-06-29T01:18:23.7042328-07:00" endTime="2010-06-29T01:18:24.7412922-07:00" testType="13cdc9d9-ddb5-4fa4-a97d-d965ccfc6d4b" outcome="Passed" testListId="8c84fa94-04c1-424b-9868-57a2d4851a1d" relativeResultsDirectory="41313c73-3156-44ef-890c-4e2295c7079c">
          <Output>
          </Output>
        </UnitTestResult>
        <UnitTestResult executionId="61af4362-ccdb-497d-b5d5-0a1397cf2233" parentExecutionId="69ce6b89-5a6a-46d0-8980-b51a282f0a7e" testId="8617e8a9-a262-cb3d-57a1-1dcc22ca2547" testName="SerializeDeserializeTermTest" computerName="V-TUMEH1" duration="00:00:00.0232735" startTime="2010-06-29T01:18:24.7412922-07:00" endTime="2010-06-29T01:18:24.7852947-07:00" testType="13cdc9d9-ddb5-4fa4-a97d-d965ccfc6d4b" outcome="Passed" testListId="8c84fa94-04c1-424b-9868-57a2d4851a1d" relativeResultsDirectory="61af4362-ccdb-497d-b5d5-0a1397cf2233">
          <Output>
          </Output>
        </UnitTestResult>
        <UnitTestResult executionId="fdda9dd9-b607-4645-9739-b099db8c29b7" parentExecutionId="69ce6b89-5a6a-46d0-8980-b51a282f0a7e" testId="93a14a7f-1d46-a28b-2eb5-03953f6094aa" testName="ParseInfonTest" computerName="V-TUMEH1" duration="00:00:00.0275918" startTime="2010-06-29T01:18:24.7852947-07:00" endTime="2010-06-29T01:18:24.8202967-07:00" testType="13cdc9d9-ddb5-4fa4-a97d-d965ccfc6d4b" outcome="Passed" testListId="8c84fa94-04c1-424b-9868-57a2d4851a1d" relativeResultsDirectory="fdda9dd9-b607-4645-9739-b099db8c29b7">
          <Output>
          </Output>
        </UnitTestResult>
        <UnitTestResult executionId="bf2b3d2c-f940-4d18-a871-2374a55254d5" parentExecutionId="69ce6b89-5a6a-46d0-8980-b51a282f0a7e" testId="08977f97-d1ca-45cb-2992-e0c78b9fb63e" testName="ParseStreamTest" computerName="V-TUMEH1" duration="00:00:00.0398069" startTime="2010-06-29T01:18:24.8212967-07:00" endTime="2010-06-29T01:18:24.8712996-07:00" testType="13cdc9d9-ddb5-4fa4-a97d-d965ccfc6d4b" outcome="Passed" testListId="8c84fa94-04c1-424b-9868-57a2d4851a1d" relativeResultsDirectory="bf2b3d2c-f940-4d18-a871-2374a55254d5">
          <Output>
          </Output>
        </UnitTestResult>
        <UnitTestResult executionId="1b0989bc-fa2c-4a57-88f5-4a2229dee7dd" parentExecutionId="69ce6b89-5a6a-46d0-8980-b51a282f0a7e" testId="f6365f55-c0b2-032d-0d7e-1dfa91a40943" testName="SerializeDeserializeMessageTest" computerName="V-TUMEH1" duration="00:00:01.0151271" startTime="2010-06-29T01:18:24.8722997-07:00" endTime="2010-06-29T01:18:25.8993584-07:00" testType="13cdc9d9-ddb5-4fa4-a97d-d965ccfc6d4b" outcome="Passed" testListId="8c84fa94-04c1-424b-9868-57a2d4851a1d" relativeResultsDirectory="1b0989bc-fa2c-4a57-88f5-4a2229dee7dd">
          <Output>
          </Output>
        </UnitTestResult>
      </InnerResults>
    </TestResultAggregation>
  </Results>
</TestRun>