<?xml version="1.0" encoding="UTF-8"?>
<TestRun id="dbe184c2-792e-4dde-a033-c997ed31fb41" name="v-tumeh@V-TUMEH1 2010-07-03 08:47:14" runUser="REDMOND\v-tumeh" xmlns="http://microsoft.com/schemas/VisualStudio/TeamTest/2010">
  <TestSettings name="Local" id="aa7ca958-bc02-4a3e-86a2-63a3cd7daa4e">
    <Description>These are default test settings for a local test run.</Description>
    <Deployment enabled="false" runDeploymentRoot="v-tumeh_V-TUMEH1 2010-07-03 08_47_14">
      <DeploymentItem filename="C:\MS\ECM\CodePlex_MyWorkspace\dkal\DkalEngine\bin\Debug\DkalEngine.dll" />
    </Deployment>
    <Execution>
      <TestTypeSpecific />
      <AgentRule name="Execution Agents">
      </AgentRule>
    </Execution>
  </TestSettings>
  <Times creation="2010-07-03T08:47:14.2631454-07:00" queuing="2010-07-03T08:47:16.0462474-07:00" start="2010-07-03T08:47:16.3062623-07:00" finish="2010-07-03T08:47:27.1658834-07:00" />
  <ResultSummary outcome="Completed">
    <Counters total="11" executed="11" passed="11" error="0" failed="0" timeout="0" aborted="0" inconclusive="0" passedButRunAborted="0" notRunnable="0" notExecuted="0" disconnected="0" warning="0" completed="0" inProgress="0" pending="0" />
  </ResultSummary>
  <TestDefinitions>
    <UnitTest name="KillEngineTest" storage="c:\ms\ecm\codeplex_myworkspace\dkal\dkalengine\unittests\dkalunittests\dkalunittests\bin\debug\dkalunittests.dll" id="94e8466b-2146-2d50-b1ad-876dd20c357b">
      <TestMethod codeBase="C:/MS/ECM/CodePlex_MyWorkspace/dkal/DkalEngine/UnitTests/DkalUnitTests/DkalUnitTests/bin/Debug/DkalUnitTests.DLL" adapterTypeName="Microsoft.VisualStudio.TestTools.TestTypes.Unit.UnitTestAdapter, Microsoft.VisualStudio.QualityTools.Tips.UnitTest.Adapter, Version=10.0.0.0, Culture=neutral, PublicKeyToken=b03f5f7f11d50a3a" className="DkalUnitTest.EngineTest, DkalUnitTests, Version=1.0.0.0, Culture=neutral, PublicKeyToken=null" name="KillEngineTest" />
    </UnitTest>
    <UnitTest name="LookupOrAddPrincipalTest" storage="c:\ms\ecm\codeplex_myworkspace\dkal\dkalengine\unittests\dkalunittests\dkalunittests\bin\debug\dkalunittests.dll" id="64bdf410-c12b-a7e2-0829-ffeec4d8ebed">
      <TestMethod codeBase="C:/MS/ECM/CodePlex_MyWorkspace/dkal/DkalEngine/UnitTests/DkalUnitTests/DkalUnitTests/bin/Debug/DkalUnitTests.DLL" adapterTypeName="Microsoft.VisualStudio.TestTools.TestTypes.Unit.UnitTestAdapter, Microsoft.VisualStudio.QualityTools.Tips.UnitTest.Adapter, Version=10.0.0.0, Culture=neutral, PublicKeyToken=b03f5f7f11d50a3a" className="DkalUnitTest.ParsingCtxTest, DkalUnitTests, Version=1.0.0.0, Culture=neutral, PublicKeyToken=null" name="LookupOrAddPrincipalTest" />
    </UnitTest>
    <UnitTest name="SerializeDeserializeTermTest" storage="c:\ms\ecm\codeplex_myworkspace\dkal\dkalengine\unittests\dkalunittests\dkalunittests\bin\debug\dkalunittests.dll" id="8617e8a9-a262-cb3d-57a1-1dcc22ca2547">
      <TestMethod codeBase="C:/MS/ECM/CodePlex_MyWorkspace/dkal/DkalEngine/UnitTests/DkalUnitTests/DkalUnitTests/bin/Debug/DkalUnitTests.DLL" adapterTypeName="Microsoft.VisualStudio.TestTools.TestTypes.Unit.UnitTestAdapter, Microsoft.VisualStudio.QualityTools.Tips.UnitTest.Adapter, Version=10.0.0.0, Culture=neutral, PublicKeyToken=b03f5f7f11d50a3a" className="DkalUnitTest.SerializerTest, DkalUnitTests, Version=1.0.0.0, Culture=neutral, PublicKeyToken=null" name="SerializeDeserializeTermTest" />
    </UnitTest>
    <UnitTest name="ProcessMessageTest" storage="c:\ms\ecm\codeplex_myworkspace\dkal\dkalengine\unittests\dkalunittests\dkalunittests\bin\debug\dkalunittests.dll" id="6bfd531c-34bf-1e69-17a8-c5a4ecaaecf9">
      <TestMethod codeBase="C:/MS/ECM/CodePlex_MyWorkspace/dkal/DkalEngine/UnitTests/DkalUnitTests/DkalUnitTests/bin/Debug/DkalUnitTests.DLL" adapterTypeName="Microsoft.VisualStudio.TestTools.TestTypes.Unit.UnitTestAdapter, Microsoft.VisualStudio.QualityTools.Tips.UnitTest.Adapter, Version=10.0.0.0, Culture=neutral, PublicKeyToken=b03f5f7f11d50a3a" className="DkalUnitTest.EngineTest, DkalUnitTests, Version=1.0.0.0, Culture=neutral, PublicKeyToken=null" name="ProcessMessageTest" />
    </UnitTest>
    <UnitTest name="TestEngineCreation" storage="c:\ms\ecm\codeplex_myworkspace\dkal\dkalengine\unittests\dkalunittests\dkalunittests\bin\debug\dkalunittests.dll" id="a49ce50d-cc4d-6845-52a8-39854801f598">
      <TestMethod codeBase="C:/MS/ECM/CodePlex_MyWorkspace/dkal/DkalEngine/UnitTests/DkalUnitTests/DkalUnitTests/bin/Debug/DkalUnitTests.DLL" adapterTypeName="Microsoft.VisualStudio.TestTools.TestTypes.Unit.UnitTestAdapter, Microsoft.VisualStudio.QualityTools.Tips.UnitTest.Adapter, Version=10.0.0.0, Culture=neutral, PublicKeyToken=b03f5f7f11d50a3a" className="DkalUnitTest.EngineTest, DkalUnitTests, Version=1.0.0.0, Culture=neutral, PublicKeyToken=null" name="TestEngineCreation" />
    </UnitTest>
    <UnitTest name="ParseInfonTest" storage="c:\ms\ecm\codeplex_myworkspace\dkal\dkalengine\unittests\dkalunittests\dkalunittests\bin\debug\dkalunittests.dll" id="93a14a7f-1d46-a28b-2eb5-03953f6094aa">
      <TestMethod codeBase="C:/MS/ECM/CodePlex_MyWorkspace/dkal/DkalEngine/UnitTests/DkalUnitTests/DkalUnitTests/bin/Debug/DkalUnitTests.DLL" adapterTypeName="Microsoft.VisualStudio.TestTools.TestTypes.Unit.UnitTestAdapter, Microsoft.VisualStudio.QualityTools.Tips.UnitTest.Adapter, Version=10.0.0.0, Culture=neutral, PublicKeyToken=b03f5f7f11d50a3a" className="DkalUnitTest.ParsingCtxTest, DkalUnitTests, Version=1.0.0.0, Culture=neutral, PublicKeyToken=null" name="ParseInfonTest" />
    </UnitTest>
    <UnitTest name="TestConnectionString" storage="c:\ms\ecm\codeplex_myworkspace\dkal\dkalengine\unittests\dkalunittests\dkalunittests\bin\debug\dkalunittests.dll" id="1a881233-9787-776d-b05e-db4780753788">
      <TestMethod codeBase="C:/MS/ECM/CodePlex_MyWorkspace/dkal/DkalEngine/UnitTests/DkalUnitTests/DkalUnitTests/bin/Debug/DkalUnitTests.DLL" adapterTypeName="Microsoft.VisualStudio.TestTools.TestTypes.Unit.UnitTestAdapter, Microsoft.VisualStudio.QualityTools.Tips.UnitTest.Adapter, Version=10.0.0.0, Culture=neutral, PublicKeyToken=b03f5f7f11d50a3a" className="DkalUnitTest.EngineTest, DkalUnitTests, Version=1.0.0.0, Culture=neutral, PublicKeyToken=null" name="TestConnectionString" />
    </UnitTest>
    <UnitTest name="SendMessageTest" storage="c:\ms\ecm\codeplex_myworkspace\dkal\dkalengine\unittests\dkalunittests\dkalunittests\bin\debug\dkalunittests.dll" id="a9768f2f-1695-87b2-26aa-19e3828c53ab">
      <TestMethod codeBase="C:/MS/ECM/CodePlex_MyWorkspace/dkal/DkalEngine/UnitTests/DkalUnitTests/DkalUnitTests/bin/Debug/DkalUnitTests.DLL" adapterTypeName="Microsoft.VisualStudio.TestTools.TestTypes.Unit.UnitTestAdapter, Microsoft.VisualStudio.QualityTools.Tips.UnitTest.Adapter, Version=10.0.0.0, Culture=neutral, PublicKeyToken=b03f5f7f11d50a3a" className="DkalUnitTest.EngineTest, DkalUnitTests, Version=1.0.0.0, Culture=neutral, PublicKeyToken=null" name="SendMessageTest" />
    </UnitTest>
    <UnitTest name="SerializeDeserializeMessageTest" storage="c:\ms\ecm\codeplex_myworkspace\dkal\dkalengine\unittests\dkalunittests\dkalunittests\bin\debug\dkalunittests.dll" id="f6365f55-c0b2-032d-0d7e-1dfa91a40943">
      <TestMethod codeBase="C:/MS/ECM/CodePlex_MyWorkspace/dkal/DkalEngine/UnitTests/DkalUnitTests/DkalUnitTests/bin/Debug/DkalUnitTests.DLL" adapterTypeName="Microsoft.VisualStudio.TestTools.TestTypes.Unit.UnitTestAdapter, Microsoft.VisualStudio.QualityTools.Tips.UnitTest.Adapter, Version=10.0.0.0, Culture=neutral, PublicKeyToken=b03f5f7f11d50a3a" className="DkalUnitTest.SerializerTest, DkalUnitTests, Version=1.0.0.0, Culture=neutral, PublicKeyToken=null" name="SerializeDeserializeMessageTest" />
    </UnitTest>
    <OrderedTest name="dkalorderedtest" storage="c:\ms\ecm\codeplex_myworkspace\dkal\dkalengine\unittests\dkalunittests\dkalunittests\dkalorderedtest.orderedtest" id="4fa28735-c6ec-4066-9797-88f7e357cbb9">
      <Execution id="ccdc37db-ef54-4596-9164-c26d76decd6c" />
      <TestLinks>
        <TestLink id="1a881233-9787-776d-b05e-db4780753788" name="TestConnectionString" storage="bin\debug\dkalunittests.dll" type="Microsoft.VisualStudio.TestTools.TestTypes.Unit.UnitTestElement, Microsoft.VisualStudio.QualityTools.Tips.UnitTest.ObjectModel, Version=10.0.0.0, Culture=neutral, PublicKeyToken=b03f5f7f11d50a3a" />
        <TestLink id="64bdf410-c12b-a7e2-0829-ffeec4d8ebed" name="LookupOrAddPrincipalTest" storage="bin\debug\dkalunittest.dll" type="Microsoft.VisualStudio.TestTools.TestTypes.Unit.UnitTestElement, Microsoft.VisualStudio.QualityTools.Tips.UnitTest.ObjectModel, Version=10.0.0.0, Culture=neutral, PublicKeyToken=b03f5f7f11d50a3a" />
        <TestLink id="a49ce50d-cc4d-6845-52a8-39854801f598" name="TestEngineCreation" storage="bin\debug\dkalunittests.dll" type="Microsoft.VisualStudio.TestTools.TestTypes.Unit.UnitTestElement, Microsoft.VisualStudio.QualityTools.Tips.UnitTest.ObjectModel, Version=10.0.0.0, Culture=neutral, PublicKeyToken=b03f5f7f11d50a3a" />
        <TestLink id="a9768f2f-1695-87b2-26aa-19e3828c53ab" name="SendMessageTest" storage="bin\debug\dkalunittest.dll" type="Microsoft.VisualStudio.TestTools.TestTypes.Unit.UnitTestElement, Microsoft.VisualStudio.QualityTools.Tips.UnitTest.ObjectModel, Version=10.0.0.0, Culture=neutral, PublicKeyToken=b03f5f7f11d50a3a" />
        <TestLink id="8617e8a9-a262-cb3d-57a1-1dcc22ca2547" name="SerializeDeserializeTermTest" storage="bin\debug\dkalunittest.dll" type="Microsoft.VisualStudio.TestTools.TestTypes.Unit.UnitTestElement, Microsoft.VisualStudio.QualityTools.Tips.UnitTest.ObjectModel, Version=10.0.0.0, Culture=neutral, PublicKeyToken=b03f5f7f11d50a3a" />
        <TestLink id="93a14a7f-1d46-a28b-2eb5-03953f6094aa" name="ParseInfonTest" storage="bin\debug\dkalunittest.dll" type="Microsoft.VisualStudio.TestTools.TestTypes.Unit.UnitTestElement, Microsoft.VisualStudio.QualityTools.Tips.UnitTest.ObjectModel, Version=10.0.0.0, Culture=neutral, PublicKeyToken=b03f5f7f11d50a3a" />
        <TestLink id="08977f97-d1ca-45cb-2992-e0c78b9fb63e" name="ParseStreamTest" storage="bin\debug\dkalunittest.dll" type="Microsoft.VisualStudio.TestTools.TestTypes.Unit.UnitTestElement, Microsoft.VisualStudio.QualityTools.Tips.UnitTest.ObjectModel, Version=10.0.0.0, Culture=neutral, PublicKeyToken=b03f5f7f11d50a3a" />
        <TestLink id="f6365f55-c0b2-032d-0d7e-1dfa91a40943" name="SerializeDeserializeMessageTest" storage="bin\debug\dkalunittests.dll" type="Microsoft.VisualStudio.TestTools.TestTypes.Unit.UnitTestElement, Microsoft.VisualStudio.QualityTools.Tips.UnitTest.ObjectModel, Version=10.0.0.0, Culture=neutral, PublicKeyToken=b03f5f7f11d50a3a" />
        <TestLink id="6bfd531c-34bf-1e69-17a8-c5a4ecaaecf9" name="ProcessMessageTest" storage="bin\debug\dkalunittests.dll" type="Microsoft.VisualStudio.TestTools.TestTypes.Unit.UnitTestElement, Microsoft.VisualStudio.QualityTools.Tips.UnitTest.ObjectModel, Version=10.0.0.0, Culture=neutral, PublicKeyToken=b03f5f7f11d50a3a" />
        <TestLink id="94e8466b-2146-2d50-b1ad-876dd20c357b" name="KillEngineTest" storage="bin\debug\dkalunittest.dll" type="Microsoft.VisualStudio.TestTools.TestTypes.Unit.UnitTestElement, Microsoft.VisualStudio.QualityTools.Tips.UnitTest.ObjectModel, Version=10.0.0.0, Culture=neutral, PublicKeyToken=b03f5f7f11d50a3a" />
      </TestLinks>
    </OrderedTest>
    <UnitTest name="ParseStreamTest" storage="c:\ms\ecm\codeplex_myworkspace\dkal\dkalengine\unittests\dkalunittests\dkalunittests\bin\debug\dkalunittests.dll" id="08977f97-d1ca-45cb-2992-e0c78b9fb63e">
      <TestMethod codeBase="C:/MS/ECM/CodePlex_MyWorkspace/dkal/DkalEngine/UnitTests/DkalUnitTests/DkalUnitTests/bin/Debug/DkalUnitTests.DLL" adapterTypeName="Microsoft.VisualStudio.TestTools.TestTypes.Unit.UnitTestAdapter, Microsoft.VisualStudio.QualityTools.Tips.UnitTest.Adapter, Version=10.0.0.0, Culture=neutral, PublicKeyToken=b03f5f7f11d50a3a" className="DkalUnitTest.ParsingCtxTest, DkalUnitTests, Version=1.0.0.0, Culture=neutral, PublicKeyToken=null" name="ParseStreamTest" />
    </UnitTest>
  </TestDefinitions>
  <TestLists>
    <TestList name="Results Not in a List" id="8c84fa94-04c1-424b-9868-57a2d4851a1d" />
    <TestList name="All Loaded Results" id="19431567-8539-422a-85d7-44ee4e166bda" />
  </TestLists>
  <TestEntries>
    <TestEntry testId="4fa28735-c6ec-4066-9797-88f7e357cbb9" executionId="ccdc37db-ef54-4596-9164-c26d76decd6c" testListId="8c84fa94-04c1-424b-9868-57a2d4851a1d">
      <TestEntries>
        <TestEntry testId="1a881233-9787-776d-b05e-db4780753788" executionId="1c69cec8-cbad-4243-ac84-fe1cc348b5ab" parentExecutionId="ccdc37db-ef54-4596-9164-c26d76decd6c" testListId="8c84fa94-04c1-424b-9868-57a2d4851a1d" />
        <TestEntry testId="64bdf410-c12b-a7e2-0829-ffeec4d8ebed" executionId="c7089055-0b3e-48a4-85b6-8613d13282a9" parentExecutionId="ccdc37db-ef54-4596-9164-c26d76decd6c" testListId="8c84fa94-04c1-424b-9868-57a2d4851a1d" />
        <TestEntry testId="a49ce50d-cc4d-6845-52a8-39854801f598" executionId="35ac21a6-acdd-4e00-860c-6d9c3b25c820" parentExecutionId="ccdc37db-ef54-4596-9164-c26d76decd6c" testListId="8c84fa94-04c1-424b-9868-57a2d4851a1d" />
        <TestEntry testId="a9768f2f-1695-87b2-26aa-19e3828c53ab" executionId="478f3c58-cf5e-4159-816d-22e8ebccd782" parentExecutionId="ccdc37db-ef54-4596-9164-c26d76decd6c" testListId="8c84fa94-04c1-424b-9868-57a2d4851a1d" />
        <TestEntry testId="8617e8a9-a262-cb3d-57a1-1dcc22ca2547" executionId="5812800f-5cfd-47ee-97f4-d051142866e7" parentExecutionId="ccdc37db-ef54-4596-9164-c26d76decd6c" testListId="8c84fa94-04c1-424b-9868-57a2d4851a1d" />
        <TestEntry testId="93a14a7f-1d46-a28b-2eb5-03953f6094aa" executionId="2d7f1e08-023d-4f6f-ae7e-ad5d8d968c4c" parentExecutionId="ccdc37db-ef54-4596-9164-c26d76decd6c" testListId="8c84fa94-04c1-424b-9868-57a2d4851a1d" />
        <TestEntry testId="08977f97-d1ca-45cb-2992-e0c78b9fb63e" executionId="8a37ce09-6f39-418a-96ed-dd802e78aff9" parentExecutionId="ccdc37db-ef54-4596-9164-c26d76decd6c" testListId="8c84fa94-04c1-424b-9868-57a2d4851a1d" />
        <TestEntry testId="f6365f55-c0b2-032d-0d7e-1dfa91a40943" executionId="200f6b21-bbe5-4652-b2ec-cc69f8cfbfe2" parentExecutionId="ccdc37db-ef54-4596-9164-c26d76decd6c" testListId="8c84fa94-04c1-424b-9868-57a2d4851a1d" />
        <TestEntry testId="6bfd531c-34bf-1e69-17a8-c5a4ecaaecf9" executionId="986009a6-98e2-4267-bc8e-7eff1d3a6e22" parentExecutionId="ccdc37db-ef54-4596-9164-c26d76decd6c" testListId="8c84fa94-04c1-424b-9868-57a2d4851a1d" />
        <TestEntry testId="94e8466b-2146-2d50-b1ad-876dd20c357b" executionId="54b42f16-f884-4c26-9b8b-abe83729b4d8" parentExecutionId="ccdc37db-ef54-4596-9164-c26d76decd6c" testListId="8c84fa94-04c1-424b-9868-57a2d4851a1d" />
      </TestEntries>
    </TestEntry>
  </TestEntries>
  <Results>
    <TestResultAggregation executionId="ccdc37db-ef54-4596-9164-c26d76decd6c" testId="4fa28735-c6ec-4066-9797-88f7e357cbb9" testName="dkalorderedtest" computerName="V-TUMEH1" duration="00:00:08.8236673" startTime="2010-07-03T08:47:16.4992733-07:00" endTime="2010-07-03T08:47:25.4387847-07:00" testType="ec4800e8-40e5-4ab3-8510-b8bf29b1904d" outcome="Passed" testListId="8c84fa94-04c1-424b-9868-57a2d4851a1d" relativeResultsDirectory="ccdc37db-ef54-4596-9164-c26d76decd6c">
      <Counters error="0" failed="0" timeout="0" aborted="0" inconclusive="0" passedButRunAborted="0" notRunnable="0" notExecuted="0" disconnected="0" warning="0" passed="10" completed="0" inProgress="0" pending="0" />
      <InnerResults>
        <UnitTestResult executionId="1c69cec8-cbad-4243-ac84-fe1cc348b5ab" parentExecutionId="ccdc37db-ef54-4596-9164-c26d76decd6c" testId="1a881233-9787-776d-b05e-db4780753788" testName="TestConnectionString" computerName="V-TUMEH1" duration="00:00:01.4915620" startTime="2010-07-03T08:47:16.6142799-07:00" endTime="2010-07-03T08:47:18.7504021-07:00" testType="13cdc9d9-ddb5-4fa4-a97d-d965ccfc6d4b" outcome="Passed" testListId="8c84fa94-04c1-424b-9868-57a2d4851a1d" relativeResultsDirectory="1c69cec8-cbad-4243-ac84-fe1cc348b5ab">
          <Output>
          </Output>
        </UnitTestResult>
        <UnitTestResult executionId="c7089055-0b3e-48a4-85b6-8613d13282a9" parentExecutionId="ccdc37db-ef54-4596-9164-c26d76decd6c" testId="64bdf410-c12b-a7e2-0829-ffeec4d8ebed" testName="LookupOrAddPrincipalTest" computerName="V-TUMEH1" duration="00:00:00.2230328" startTime="2010-07-03T08:47:18.7674031-07:00" endTime="2010-07-03T08:47:18.9984163-07:00" testType="13cdc9d9-ddb5-4fa4-a97d-d965ccfc6d4b" outcome="Passed" testListId="8c84fa94-04c1-424b-9868-57a2d4851a1d" relativeResultsDirectory="c7089055-0b3e-48a4-85b6-8613d13282a9">
          <Output>
          </Output>
        </UnitTestResult>
        <UnitTestResult executionId="35ac21a6-acdd-4e00-860c-6d9c3b25c820" parentExecutionId="ccdc37db-ef54-4596-9164-c26d76decd6c" testId="a49ce50d-cc4d-6845-52a8-39854801f598" testName="TestEngineCreation" computerName="V-TUMEH1" duration="00:00:02.0381036" startTime="2010-07-03T08:47:19.0084169-07:00" endTime="2010-07-03T08:47:21.0615343-07:00" testType="13cdc9d9-ddb5-4fa4-a97d-d965ccfc6d4b" outcome="Passed" testListId="8c84fa94-04c1-424b-9868-57a2d4851a1d" relativeResultsDirectory="35ac21a6-acdd-4e00-860c-6d9c3b25c820">
          <Output>
          </Output>
        </UnitTestResult>
        <UnitTestResult executionId="478f3c58-cf5e-4159-816d-22e8ebccd782" parentExecutionId="ccdc37db-ef54-4596-9164-c26d76decd6c" testId="a9768f2f-1695-87b2-26aa-19e3828c53ab" testName="SendMessageTest" computerName="V-TUMEH1" duration="00:00:01.0479035" startTime="2010-07-03T08:47:21.0615343-07:00" endTime="2010-07-03T08:47:22.1185948-07:00" testType="13cdc9d9-ddb5-4fa4-a97d-d965ccfc6d4b" outcome="Passed" testListId="8c84fa94-04c1-424b-9868-57a2d4851a1d" relativeResultsDirectory="478f3c58-cf5e-4159-816d-22e8ebccd782">
          <Output>
          </Output>
        </UnitTestResult>
        <UnitTestResult executionId="5812800f-5cfd-47ee-97f4-d051142866e7" parentExecutionId="ccdc37db-ef54-4596-9164-c26d76decd6c" testId="8617e8a9-a262-cb3d-57a1-1dcc22ca2547" testName="SerializeDeserializeTermTest" computerName="V-TUMEH1" duration="00:00:00.0444790" startTime="2010-07-03T08:47:22.1205949-07:00" endTime="2010-07-03T08:47:22.1745980-07:00" testType="13cdc9d9-ddb5-4fa4-a97d-d965ccfc6d4b" outcome="Passed" testListId="8c84fa94-04c1-424b-9868-57a2d4851a1d" relativeResultsDirectory="5812800f-5cfd-47ee-97f4-d051142866e7">
          <Output>
          </Output>
        </UnitTestResult>
        <UnitTestResult executionId="2d7f1e08-023d-4f6f-ae7e-ad5d8d968c4c" parentExecutionId="ccdc37db-ef54-4596-9164-c26d76decd6c" testId="93a14a7f-1d46-a28b-2eb5-03953f6094aa" testName="ParseInfonTest" computerName="V-TUMEH1" duration="00:00:00.0237661" startTime="2010-07-03T08:47:22.1865986-07:00" endTime="2010-07-03T08:47:22.2196005-07:00" testType="13cdc9d9-ddb5-4fa4-a97d-d965ccfc6d4b" outcome="Passed" testListId="8c84fa94-04c1-424b-9868-57a2d4851a1d" relativeResultsDirectory="2d7f1e08-023d-4f6f-ae7e-ad5d8d968c4c">
          <Output>
          </Output>
        </UnitTestResult>
        <UnitTestResult executionId="8a37ce09-6f39-418a-96ed-dd802e78aff9" parentExecutionId="ccdc37db-ef54-4596-9164-c26d76decd6c" testId="08977f97-d1ca-45cb-2992-e0c78b9fb63e" testName="ParseStreamTest" computerName="V-TUMEH1" duration="00:00:00.0077246" startTime="2010-07-03T08:47:22.2196005-07:00" endTime="2010-07-03T08:47:22.2396017-07:00" testType="13cdc9d9-ddb5-4fa4-a97d-d965ccfc6d4b" outcome="Passed" testListId="8c84fa94-04c1-424b-9868-57a2d4851a1d" relativeResultsDirectory="8a37ce09-6f39-418a-96ed-dd802e78aff9">
          <Output>
          </Output>
        </UnitTestResult>
        <UnitTestResult executionId="200f6b21-bbe5-4652-b2ec-cc69f8cfbfe2" parentExecutionId="ccdc37db-ef54-4596-9164-c26d76decd6c" testId="f6365f55-c0b2-032d-0d7e-1dfa91a40943" testName="SerializeDeserializeMessageTest" computerName="V-TUMEH1" duration="00:00:00.0104003" startTime="2010-07-03T08:47:22.2416018-07:00" endTime="2010-07-03T08:47:22.2616029-07:00" testType="13cdc9d9-ddb5-4fa4-a97d-d965ccfc6d4b" outcome="Passed" testListId="8c84fa94-04c1-424b-9868-57a2d4851a1d" relativeResultsDirectory="200f6b21-bbe5-4652-b2ec-cc69f8cfbfe2">
          <Output>
          </Output>
        </UnitTestResult>
        <UnitTestResult executionId="986009a6-98e2-4267-bc8e-7eff1d3a6e22" parentExecutionId="ccdc37db-ef54-4596-9164-c26d76decd6c" testId="6bfd531c-34bf-1e69-17a8-c5a4ecaaecf9" testName="ProcessMessageTest" computerName="V-TUMEH1" duration="00:00:01.0413502" startTime="2010-07-03T08:47:22.2626030-07:00" endTime="2010-07-03T08:47:23.3176633-07:00" testType="13cdc9d9-ddb5-4fa4-a97d-d965ccfc6d4b" outcome="Passed" testListId="8c84fa94-04c1-424b-9868-57a2d4851a1d" relativeResultsDirectory="986009a6-98e2-4267-bc8e-7eff1d3a6e22">
          <Output>
          </Output>
        </UnitTestResult>
        <UnitTestResult executionId="54b42f16-f884-4c26-9b8b-abe83729b4d8" parentExecutionId="ccdc37db-ef54-4596-9164-c26d76decd6c" testId="94e8466b-2146-2d50-b1ad-876dd20c357b" testName="KillEngineTest" computerName="V-TUMEH1" duration="00:00:02.0994455" startTime="2010-07-03T08:47:23.3186634-07:00" endTime="2010-07-03T08:47:25.4377846-07:00" testType="13cdc9d9-ddb5-4fa4-a97d-d965ccfc6d4b" outcome="Passed" testListId="8c84fa94-04c1-424b-9868-57a2d4851a1d" relativeResultsDirectory="54b42f16-f884-4c26-9b8b-abe83729b4d8">
          <Output>
          </Output>
        </UnitTestResult>
      </InnerResults>
    </TestResultAggregation>
  </Results>
</TestRun>