<?xml version="1.0" encoding="UTF-8"?>
<TestRun id="773c4d42-661f-4840-8ee0-f8e9eac30861" name="v-tumeh@V-TUMEH1 2010-06-29 01:03:32" runUser="REDMOND\v-tumeh" xmlns="http://microsoft.com/schemas/VisualStudio/TeamTest/2010">
  <TestSettings name="Local" id="aa7ca958-bc02-4a3e-86a2-63a3cd7daa4e">
    <Description>These are default test settings for a local test run.</Description>
    <Deployment enabled="false" runDeploymentRoot="v-tumeh_V-TUMEH1 2010-06-29 01_03_32">
      <DeploymentItem filename="C:\MS\ECM\CodePlex_MyWorkspace\dkal\DkalEngine\bin\Debug\DkalEngine.dll" />
    </Deployment>
    <Execution>
      <TestTypeSpecific />
      <AgentRule name="Execution Agents">
      </AgentRule>
    </Execution>
  </TestSettings>
  <Times creation="2010-06-29T01:03:32.4642568-07:00" queuing="2010-06-29T01:03:34.7923900-07:00" start="2010-06-29T01:03:35.1834124-07:00" finish="2010-06-29T01:04:12.4285427-07:00" />
  <ResultSummary outcome="Completed">
    <Counters total="1" executed="1" passed="1" error="0" failed="0" timeout="0" aborted="0" inconclusive="0" passedButRunAborted="0" notRunnable="0" notExecuted="0" disconnected="0" warning="0" completed="0" inProgress="0" pending="0" />
  </ResultSummary>
  <TestDefinitions>
    <UnitTest name="SerializeDeserializeTermTest" storage="c:\ms\ecm\codeplex_myworkspace\dkal\dkalengine\unittests\dkalunittests\dkalunittests\bin\debug\dkalunittests.dll" id="8617e8a9-a262-cb3d-57a1-1dcc22ca2547">
      <Execution id="04401458-916c-4673-95ed-8ae3f672a12d" />
      <TestMethod codeBase="C:/MS/ECM/CodePlex_MyWorkspace/dkal/DkalEngine/UnitTests/DkalUnitTests/DkalUnitTests/bin/Debug/DkalUnitTests.DLL" adapterTypeName="Microsoft.VisualStudio.TestTools.TestTypes.Unit.UnitTestAdapter, Microsoft.VisualStudio.QualityTools.Tips.UnitTest.Adapter, Version=10.0.0.0, Culture=neutral, PublicKeyToken=b03f5f7f11d50a3a" className="DkalUnitTest.SerializerTest, DkalUnitTests, Version=1.0.0.0, Culture=neutral, PublicKeyToken=null" name="SerializeDeserializeTermTest" />
    </UnitTest>
  </TestDefinitions>
  <TestLists>
    <TestList name="Results Not in a List" id="8c84fa94-04c1-424b-9868-57a2d4851a1d" />
    <TestList name="All Loaded Results" id="19431567-8539-422a-85d7-44ee4e166bda" />
  </TestLists>
  <TestEntries>
    <TestEntry testId="8617e8a9-a262-cb3d-57a1-1dcc22ca2547" executionId="04401458-916c-4673-95ed-8ae3f672a12d" testListId="8c84fa94-04c1-424b-9868-57a2d4851a1d" />
  </TestEntries>
  <Results>
    <UnitTestResult executionId="04401458-916c-4673-95ed-8ae3f672a12d" testId="8617e8a9-a262-cb3d-57a1-1dcc22ca2547" testName="SerializeDeserializeTermTest" computerName="V-TUMEH1" duration="00:00:33.5616901" startTime="2010-06-29T01:03:35.3364211-07:00" endTime="2010-06-29T01:04:12.2215308-07:00" testType="13cdc9d9-ddb5-4fa4-a97d-d965ccfc6d4b" outcome="Passed" testListId="8c84fa94-04c1-424b-9868-57a2d4851a1d" relativeResultsDirectory="04401458-916c-4673-95ed-8ae3f672a12d">
    </UnitTestResult>
  </Results>
</TestRun>