<?xml version="1.0" encoding="UTF-8"?>
<TestRun id="beb82d92-5744-43b4-9904-df532d149039" name="v-tumeh@V-TUMEH1 2010-06-29 01:32:03" runUser="REDMOND\v-tumeh" xmlns="http://microsoft.com/schemas/VisualStudio/TeamTest/2010">
  <TestSettings name="Local" id="aa7ca958-bc02-4a3e-86a2-63a3cd7daa4e">
    <Description>These are default test settings for a local test run.</Description>
    <Deployment enabled="false" runDeploymentRoot="v-tumeh_V-TUMEH1 2010-06-29 01_32_03">
      <DeploymentItem filename="C:\MS\ECM\CodePlex_MyWorkspace\dkal\DkalEngine\bin\Debug\DkalEngine.dll" />
    </Deployment>
    <Execution>
      <TestTypeSpecific />
      <AgentRule name="Execution Agents">
      </AgentRule>
    </Execution>
  </TestSettings>
  <Times creation="2010-06-29T01:32:03.6221295-07:00" queuing="2010-06-29T01:32:03.6991339-07:00" start="2010-06-29T01:32:03.7261354-07:00" finish="2010-06-29T01:32:05.4922364-07:00" />
  <ResultSummary outcome="Completed">
    <Counters total="1" executed="1" passed="1" error="0" failed="0" timeout="0" aborted="0" inconclusive="0" passedButRunAborted="0" notRunnable="0" notExecuted="0" disconnected="0" warning="0" completed="0" inProgress="0" pending="0" />
  </ResultSummary>
  <TestDefinitions>
    <UnitTest name="ProcessMessageTest" storage="c:\ms\ecm\codeplex_myworkspace\dkal\dkalengine\unittests\dkalunittests\dkalunittests\bin\debug\dkalunittests.dll" id="6bfd531c-34bf-1e69-17a8-c5a4ecaaecf9">
      <Execution id="869baba0-88e9-4246-b83c-b2eb1e731631" />
      <TestMethod codeBase="C:/MS/ECM/CodePlex_MyWorkspace/dkal/DkalEngine/UnitTests/DkalUnitTests/DkalUnitTests/bin/Debug/DkalUnitTests.DLL" adapterTypeName="Microsoft.VisualStudio.TestTools.TestTypes.Unit.UnitTestAdapter, Microsoft.VisualStudio.QualityTools.Tips.UnitTest.Adapter, Version=10.0.0.0, Culture=neutral, PublicKeyToken=b03f5f7f11d50a3a" className="DkalUnitTest.EngineTest, DkalUnitTests, Version=1.0.0.0, Culture=neutral, PublicKeyToken=null" name="ProcessMessageTest" />
    </UnitTest>
  </TestDefinitions>
  <TestLists>
    <TestList name="Results Not in a List" id="8c84fa94-04c1-424b-9868-57a2d4851a1d" />
    <TestList name="All Loaded Results" id="19431567-8539-422a-85d7-44ee4e166bda" />
  </TestLists>
  <TestEntries>
    <TestEntry testId="6bfd531c-34bf-1e69-17a8-c5a4ecaaecf9" executionId="869baba0-88e9-4246-b83c-b2eb1e731631" testListId="8c84fa94-04c1-424b-9868-57a2d4851a1d" />
  </TestEntries>
  <Results>
    <UnitTestResult executionId="869baba0-88e9-4246-b83c-b2eb1e731631" testId="6bfd531c-34bf-1e69-17a8-c5a4ecaaecf9" testName="ProcessMessageTest" computerName="V-TUMEH1" duration="00:00:01.3970203" startTime="2010-06-29T01:32:03.7381361-07:00" endTime="2010-06-29T01:32:05.4502340-07:00" testType="13cdc9d9-ddb5-4fa4-a97d-d965ccfc6d4b" outcome="Passed" testListId="8c84fa94-04c1-424b-9868-57a2d4851a1d" relativeResultsDirectory="869baba0-88e9-4246-b83c-b2eb1e731631">
    </UnitTestResult>
  </Results>
</TestRun>