<?xml version="1.0" encoding="UTF-8"?>
<TestRun id="91f33033-5b10-4342-891e-fd200f585d67" name="v-tumeh@V-TUMEH1 2010-06-25 14:06:38" runUser="REDMOND\v-tumeh" xmlns="http://microsoft.com/schemas/VisualStudio/TeamTest/2010">
  <TestSettings name="Local" id="aa7ca958-bc02-4a3e-86a2-63a3cd7daa4e">
    <Description>These are default test settings for a local test run.</Description>
    <Deployment enabled="false" runDeploymentRoot="v-tumeh_V-TUMEH1 2010-06-25 14_06_38">
      <DeploymentItem filename="C:\MS\ECM\CodePlex_MyWorkspace\dkal\DkalEngine\bin\Debug\DkalEngine.dll" />
    </Deployment>
    <Execution>
      <TestTypeSpecific />
      <AgentRule name="Execution Agents">
      </AgentRule>
    </Execution>
  </TestSettings>
  <Times creation="2010-06-25T14:06:38.3928421-07:00" queuing="2010-06-25T14:06:40.9098421-07:00" start="2010-06-25T14:06:41.3638421-07:00" finish="2010-06-25T14:06:49.4298421-07:00" />
  <ResultSummary outcome="Failed">
    <Counters total="1" executed="1" error="0" failed="1" timeout="0" aborted="0" inconclusive="0" passedButRunAborted="0" notRunnable="0" notExecuted="0" disconnected="0" warning="0" passed="0" completed="0" inProgress="0" pending="0" />
  </ResultSummary>
  <TestDefinitions>
    <UnitTest name="SendMessageTest" storage="c:\ms\ecm\codeplex_myworkspace\dkal\dkalengine\unittests\dkalunittests\dkalunittests\bin\debug\dkalunittests.dll" id="a9768f2f-1695-87b2-26aa-19e3828c53ab">
      <Execution id="39d51bf6-86eb-42d5-aec1-33464d4083e7" />
      <TestMethod codeBase="C:/MS/ECM/CodePlex_MyWorkspace/dkal/DkalEngine/UnitTests/DkalUnitTests/DkalUnitTests/bin/Debug/DkalUnitTests.DLL" adapterTypeName="Microsoft.VisualStudio.TestTools.TestTypes.Unit.UnitTestAdapter, Microsoft.VisualStudio.QualityTools.Tips.UnitTest.Adapter, Version=10.0.0.0, Culture=neutral, PublicKeyToken=b03f5f7f11d50a3a" className="DkalUnitTest.EngineTest, DkalUnitTests, Version=1.0.0.0, Culture=neutral, PublicKeyToken=null" name="SendMessageTest" />
    </UnitTest>
  </TestDefinitions>
  <TestLists>
    <TestList name="Results Not in a List" id="8c84fa94-04c1-424b-9868-57a2d4851a1d" />
    <TestList name="All Loaded Results" id="19431567-8539-422a-85d7-44ee4e166bda" />
  </TestLists>
  <TestEntries>
    <TestEntry testId="a9768f2f-1695-87b2-26aa-19e3828c53ab" executionId="39d51bf6-86eb-42d5-aec1-33464d4083e7" testListId="8c84fa94-04c1-424b-9868-57a2d4851a1d" />
  </TestEntries>
  <Results>
    <UnitTestResult executionId="39d51bf6-86eb-42d5-aec1-33464d4083e7" testId="a9768f2f-1695-87b2-26aa-19e3828c53ab" testName="SendMessageTest" computerName="V-TUMEH1" duration="00:00:04.4482848" startTime="2010-06-25T14:06:41.5838421-07:00" endTime="2010-06-25T14:06:49.1918421-07:00" testType="13cdc9d9-ddb5-4fa4-a97d-d965ccfc6d4b" outcome="Failed" testListId="8c84fa94-04c1-424b-9868-57a2d4851a1d" relativeResultsDirectory="39d51bf6-86eb-42d5-aec1-33464d4083e7">
      <Output>
        <StdOut>from-database.dkal:4:1: resolution error: invalid top-level assertion at 'if '</StdOut>
        <ErrorInfo>
          <Message>Assert.Fail failed. Exception Occurred: Object reference not set to an instance of an object.</Message>
          <StackTrace>   at DkalUnitTest.EngineTest.SendMessageTest() in C:\MS\ECM\CodePlex_MyWorkspace\dkal\DkalEngine\UnitTests\DkalUnitTests\DkalUnitTests\EngineTest.cs:line 160
</StackTrace>
        </ErrorInfo>
      </Output>
    </UnitTestResult>
  </Results>
</TestRun>